app/build/intermediates/manifest_merge_blame_file/release/manifest-merger-blame-release-report.txt
1<?xml version="1.0" encoding="utf-8"?>
2<manifest xmlns:android="http://schemas.android.com/apk/res/android"
3    package="com.nhunit.heartbeat"
4    android:versionCode="1"
5    android:versionName="1.0" >
6
7    <uses-sdk
8        android:minSdkVersion="22"
8-->src\main\AndroidManifest.xml
9        android:targetSdkVersion="30" />
9-->src\main\AndroidManifest.xml
10
11    <uses-permission android:name="android.permission.BLUETOOTH" />
11-->src\main\AndroidManifest.xml:6:5-68
11-->src\main\AndroidManifest.xml:6:22-65
12    <uses-permission android:name="android.permission.BLUETOOTH_ADMIN" />
12-->src\main\AndroidManifest.xml:8:5-74
12-->src\main\AndroidManifest.xml:8:22-71
13
14    <application
14-->src\main\AndroidManifest.xml:10:5-33:19
15        android:allowBackup="true"
15-->src\main\AndroidManifest.xml:11:9-35
16        android:appComponentFactory="androidx.core.app.CoreComponentFactory"
16-->[androidx.core:core:1.3.2] AndroidManifest.xml:24:18-86
17        android:icon="@mipmap/ic_launcher"
17-->src\main\AndroidManifest.xml:12:9-43
18        android:label="@string/app_name"
18-->src\main\AndroidManifest.xml:13:9-41
19        android:roundIcon="@mipmap/ic_launcher_round"
19-->src\main\AndroidManifest.xml:14:9-54
20        android:supportsRtl="true"
20-->src\main\AndroidManifest.xml:15:9-35
21        android:theme="@style/HeartBeat.NoActionBar"
21-->src\main\AndroidManifest.xml:16:9-53
22        android:usesCleartextTraffic="true" >
22-->src\main\AndroidManifest.xml:17:9-44
23        <activity android:name="com.nhunit.heartbeat.ui.heartmeansure.HeartMeansureActivity" />
23-->src\main\AndroidManifest.xml:19:9-76
23-->src\main\AndroidManifest.xml:19:19-73
24        <activity
24-->src\main\AndroidManifest.xml:20:9-22:60
25            android:name="com.nhunit.heartbeat.ui.bluetoothchooser.BluetoothChooser"
25-->src\main\AndroidManifest.xml:21:13-65
26            android:theme="@style/HeartBeat.NoActionBar" />
26-->src\main\AndroidManifest.xml:22:13-57
27        <activity
27-->src\main\AndroidManifest.xml:23:9-25:60
28            android:name="com.nhunit.heartbeat.ui.splash.SplashActivity"
28-->src\main\AndroidManifest.xml:24:13-53
29            android:theme="@style/HeartBeat.NoActionBar" />
29-->src\main\AndroidManifest.xml:25:13-57
30        <activity android:name="com.nhunit.heartbeat.MainActivity" >
30-->src\main\AndroidManifest.xml:26:9-32:20
30-->src\main\AndroidManifest.xml:26:19-47
31            <intent-filter>
31-->src\main\AndroidManifest.xml:27:13-31:29
32                <action android:name="android.intent.action.MAIN" />
32-->src\main\AndroidManifest.xml:28:17-69
32-->src\main\AndroidManifest.xml:28:25-66
33
34                <category android:name="android.intent.category.LAUNCHER" />
34-->src\main\AndroidManifest.xml:30:17-77
34-->src\main\AndroidManifest.xml:30:27-74
35            </intent-filter>
36        </activity>
37    </application>
38
39</manifest>